2025-08-24 14:20:00 | DEBUG | repo=2017-course-sys-int-activemq-seminar | action=commit
2025-03-08 11:14:00 | WARN | repo=2017-course-sys-int-activemq-seminar | action=commit
2025-02-18 19:58:00 | INFO | repo=2017-course-sys-int-activemq-seminar | action=commit
2025-08-14 09:47:00 | WARN | repo=2017-course-sys-int-activemq-seminar | action=commit
2025-07-19 16:59:00 | WARN | repo=2017-course-sys-int-activemq-seminar | action=commit
2025-05-06 15:18:00 | DEBUG | repo=2017-course-sys-int-activemq-seminar | action=commit
2025-01-15 14:24:00 | WARN | repo=2017-course-sys-int-activemq-seminar | action=commit
2025-11-15 12:23:00 | WARN | repo=2017-course-sys-int-activemq-seminar | action=commit
2025-02-02 07:42:00 | DEBUG | repo=2017-course-sys-int-activemq-seminar | action=commit
2025-01-06 07:41:00 | DEBUG | repo=2017-course-sys-int-activemq-seminar | action=edit | files=4
2025-07-17 19:44:00 | DEBUG | repo=2017-course-sys-int-activemq-seminar | action=commit
2025-08-10 07:27:00 | WARN | repo=2017-course-sys-int-activemq-seminar | action=pull
2025-04-14 07:14:00 | WARN | repo=2017-course-sys-int-activemq-seminar | action=commit
2025-10-17 08:55:00 | WARN | repo=2017-course-sys-int-activemq-seminar | action=commit
2025-02-08 08:33:00 | WARN | repo=2017-course-sys-int-activemq-seminar | action=commit
2025-01-15 21:57:00 | WARN | repo=2017-course-sys-int-activemq-seminar | action=commit
2025-10-23 21:31:00 | WARN | repo=2017-course-sys-int-activemq-seminar | action=pull
2025-08-17 09:44:00 | DEBUG | repo=2017-course-sys-int-activemq-seminar | action=commit
2025-04-02 07:42:00 | INFO | repo=2017-course-sys-int-activemq-seminar | action=commit
2025-02-16 12:25:00 | INFO | repo=2017-course-sys-int-activemq-seminar | action=commit
2025-04-10 15:06:00 | WARN | repo=2017-course-sys-int-activemq-seminar | action=commit
2025-05-14 16:32:00 | INFO | repo=2017-course-sys-int-activemq-seminar | action=pull
2025-12-25 20:52:00 | INFO | repo=2017-course-sys-int-activemq-seminar | action=commit
2025-07-05 14:37:00 | DEBUG | repo=2017-course-sys-int-activemq-seminar | action=commit
2025-03-26 09:34:00 | WARN | repo=2017-course-sys-int-activemq-seminar | action=commit
2025-10-18 20:03:00 | WARN | repo=2017-course-sys-int-activemq-seminar | action=commit
2025-02-24 11:59:00 | WARN | repo=2017-course-sys-int-activemq-seminar | action=commit
2025-07-03 11:24:00 | WARN | repo=2017-course-sys-int-activemq-seminar | action=commit
2025-07-23 07:25:00 | DEBUG | repo=2017-course-sys-int-activemq-seminar | action=commit
2025-01-10 19:46:00 | WARN | repo=2017-course-sys-int-activemq-seminar | action=test | passed=true
2025-03-19 07:01:00 | WARN | repo=2017-course-sys-int-activemq-seminar | action=commit
2025-11-08 08:49:00 | WARN | repo=2017-course-sys-int-activemq-seminar | action=commit
2025-06-07 20:57:00 | WARN | repo=2017-course-sys-int-activemq-seminar | action=pull
2025-05-23 12:33:00 | INFO | repo=2017-course-sys-int-activemq-seminar | action=commit
2025-09-10 20:02:00 | DEBUG | repo=2017-course-sys-int-activemq-seminar | action=commit
2025-09-14 07:11:00 | WARN | repo=2017-course-sys-int-activemq-seminar | action=commit
2025-05-10 08:04:00 | WARN | repo=2017-course-sys-int-activemq-seminar | action=commit
2025-03-15 07:12:00 | WARN | repo=2017-course-sys-int-activemq-seminar | action=commit
2025-10-24 20:36:00 | INFO | repo=2017-course-sys-int-activemq-seminar | action=commit
2025-12-17 07:34:00 | DEBUG | repo=2017-course-sys-int-activemq-seminar | action=commit
2025-01-21 15:16:00 | WARN | repo=2017-course-sys-int-activemq-seminar | action=commit
2025-10-04 13:03:00 | WARN | repo=2017-course-sys-int-activemq-seminar | action=commit
2025-11-19 07:43:00 | DEBUG | repo=2017-course-sys-int-activemq-seminar | action=test | passed=true
2025-04-21 14:07:00 | INFO | repo=2017-course-sys-int-activemq-seminar | action=commit
2025-06-25 13:31:00 | DEBUG | repo=2017-course-sys-int-activemq-seminar | action=commit
2025-01-15 20:32:00 | DEBUG | repo=2017-course-sys-int-activemq-seminar | action=test | passed=true
2025-03-22 12:00:00 | DEBUG | repo=2017-course-sys-int-activemq-seminar | action=commit
